<?xml version="1.0" encoding="UTF-8"?>
<!-- Generated by org.testng.reporters.JUnitReportReporter -->
<testsuite hostname="poorvid" failures="0" tests="1" name="zephyrsquad.jenkins.firstTest" time="6.068" errors="0" timestamp="2021-07-05T10:06:02 IST" skipped="0">
  <testcase classname="zephyrsquad.jenkins.firstTest" name="firsttest" time="6.068"/>
  <system-out/>
</testsuite> <!-- zephyrsquad.jenkins.firstTest -->
